This is LuaTeX, Version beta-0.70.2-2012070300 (TeX Live 2012/Debian) (format=lualatex 2014.2.21)  6 MAR 2015 16:57
 restricted \write18 enabled.
**temp.tex
(./out/temp.tex
LaTeX2e <2011/06/27>
LuaTeX adaptation of babel <v3.8m-luatex-1.5> and hyphenation patterns for engl
ish, dumylang, nohyphenation, ethiopic, farsi, arabic, pinyin, croatian, bulgar
ian, ukrainian, russian, slovak, czech, danish, dutch, usenglishmax, ukenglish,
 finnish, french, basque, ngerman, german, swissgerman, ngerman-x-2012-05-30, g
erman-x-2012-05-30, monogreek, greek, ibycus, ancientgreek, hungarian, bengali,
 tamil, hindi, telugu, gujarati, sanskrit, malayalam, kannada, assamese, marath
i, oriya, panjabi, italian, latin, latvian, lithuanian, mongolian, mongolianlmc
, nynorsk, bokmal, indonesian, esperanto, coptic, welsh, irish, interlingua, se
rbian, serbianc, slovenian, friulan, romansh, estonian, romanian, armenian, upp
ersorbian, turkish, afrikaans, icelandic, kurmanji, polish, portuguese, galicia
n, catalan, spanish, swedish, thai, loaded.
(/usr/share/texlive/texmf-dist/tex/latex/koma-script/scrreprt.cls
Document Class: scrreprt 2012/05/15 v3.11 KOMA-Script document class (report)
(/usr/share/texlive/texmf-dist/tex/latex/koma-script/scrkbase.sty
Package: scrkbase 2012/05/15 v3.11 KOMA-Script package (KOMA-Script-dependent b
asics and keyval usage)

(/usr/share/texlive/texmf-dist/tex/latex/koma-script/scrbase.sty
Package: scrbase 2012/05/15 v3.11 KOMA-Script package (KOMA-Script-independent 
basics and keyval usage)

(/usr/share/texlive/texmf-dist/tex/latex/graphics/keyval.sty
Package: keyval 1999/03/16 v1.13 key=value parser (DPC)
\KV@toks@=\toks14
)
(/usr/share/texlive/texmf-dist/tex/latex/koma-script/scrlfile.sty
Package: scrlfile 2011/03/09 v3.09 KOMA-Script package (loading files)

Package scrlfile, 2011/03/09 v3.09 KOMA-Script package (loading files)
                  Copyright (C) Markus Kohm

))) (/usr/share/texlive/texmf-dist/tex/latex/koma-script/tocbasic.sty
Package: tocbasic 2012/04/04 v3.10b KOMA-Script package (handling toc-files)
)
Package tocbasic Info: omitting babel extension for `toc'
(tocbasic)             because of feature `nobabel' available
(tocbasic)             for `toc' on input line 117.
Package tocbasic Info: omitting babel extension for `lof'
(tocbasic)             because of feature `nobabel' available
(tocbasic)             for `lof' on input line 118.
Package tocbasic Info: omitting babel extension for `lot'
(tocbasic)             because of feature `nobabel' available
(tocbasic)             for `lot' on input line 119.
Class scrreprt Info: File `scrsize11pt.clo' used instead of
(scrreprt)           file `scrsize11.clo' to setup font sizes on input line 136
5.

(/usr/share/texlive/texmf-dist/tex/latex/koma-script/scrsize11pt.clo
File: scrsize11pt.clo 2012/05/15 v3.11 KOMA-Script font size class option (11pt
)
)
(/usr/share/texlive/texmf-dist/tex/latex/koma-script/typearea.sty
Package: typearea 2012/05/15 v3.11 KOMA-Script package (type area)

Package typearea, 2012/05/15 v3.11 KOMA-Script package (type area)
                  Copyright (C) Frank Neukam, 1992-1994
                  Copyright (C) Markus Kohm, 1994-

\ta@bcor=\skip41
\ta@div=\count79
\ta@hblk=\skip42
\ta@vblk=\skip43
\ta@temp=\skip44
Package typearea Info: These are the values describing the layout:
(typearea)             DIV  = 10
(typearea)             BCOR = 0.0pt
(typearea)             \paperwidth      = 597.50793pt
(typearea)              \textwidth      = 418.25555pt
(typearea)              DIV departure   = -6%
(typearea)              \evensidemargin = 17.3562pt
(typearea)              \oddsidemargin  = 17.3562pt
(typearea)             \paperheight     = 845.04694pt
(typearea)              \textheight     = 595.80026pt
(typearea)              \topmargin      = -25.16531pt
(typearea)              \headheight     = 17.0pt
(typearea)              \headsep        = 20.40001pt
(typearea)              \topskip        = 11.0pt
(typearea)              \footskip       = 47.60002pt
(typearea)              \baselineskip   = 13.6pt
(typearea)              on input line 1211.
)
\c@part=\count80
\c@chapter=\count81
\c@section=\count82
\c@subsection=\count83
\c@subsubsection=\count84
\c@paragraph=\count85
\c@subparagraph=\count86
\abovecaptionskip=\skip45
\belowcaptionskip=\skip46
\c@pti@nb@sid@b@x=\box26
\c@figure=\count87
\c@table=\count88
\bibindent=\dimen102
) (/usr/share/texlive/texmf-dist/tex/latex/base/fontenc.sty
Package: fontenc 2005/09/27 v1.99g Standard LaTeX package

(/usr/share/texlive/texmf-dist/tex/latex/base/t1enc.def
File: t1enc.def 2005/09/27 v1.99g Standard LaTeX file
LaTeX Font Info:    Redeclaring font encoding T1 on input line 43.
))
(/usr/share/texlive/texmf-dist/tex/latex/base/inputenc.sty
Package: inputenc 2008/03/30 v1.1d Input encoding file
\inpenc@prehook=\toks15
\inpenc@posthook=\toks16

(/usr/share/texlive/texmf-dist/tex/latex/base/utf8.def
File: utf8.def 2008/04/05 v1.1m UTF-8 support for inputenc
Now handling font encoding OML ...
... no UTF-8 mapping file for font encoding OML
Now handling font encoding T1 ...
... processing UTF-8 mapping file for font encoding T1

(/usr/share/texlive/texmf-dist/tex/latex/base/t1enc.dfu
File: t1enc.dfu 2008/04/05 v1.1m UTF-8 support for inputenc
   defining Unicode char U+00A1 (decimal 161)
   defining Unicode char U+00A3 (decimal 163)
   defining Unicode char U+00AB (decimal 171)
   defining Unicode char U+00BB (decimal 187)
   defining Unicode char U+00BF (decimal 191)
   defining Unicode char U+00C0 (decimal 192)
   defining Unicode char U+00C1 (decimal 193)
   defining Unicode char U+00C2 (decimal 194)
   defining Unicode char U+00C3 (decimal 195)
   defining Unicode char U+00C4 (decimal 196)
   defining Unicode char U+00C5 (decimal 197)
   defining Unicode char U+00C6 (decimal 198)
   defining Unicode char U+00C7 (decimal 199)
   defining Unicode char U+00C8 (decimal 200)
   defining Unicode char U+00C9 (decimal 201)
   defining Unicode char U+00CA (decimal 202)
   defining Unicode char U+00CB (decimal 203)
   defining Unicode char U+00CC (decimal 204)
   defining Unicode char U+00CD (decimal 205)
   defining Unicode char U+00CE (decimal 206)
   defining Unicode char U+00CF (decimal 207)
   defining Unicode char U+00D0 (decimal 208)
   defining Unicode char U+00D1 (decimal 209)
   defining Unicode char U+00D2 (decimal 210)
   defining Unicode char U+00D3 (decimal 211)
   defining Unicode char U+00D4 (decimal 212)
   defining Unicode char U+00D5 (decimal 213)
   defining Unicode char U+00D6 (decimal 214)
   defining Unicode char U+00D8 (decimal 216)
   defining Unicode char U+00D9 (decimal 217)
   defining Unicode char U+00DA (decimal 218)
   defining Unicode char U+00DB (decimal 219)
   defining Unicode char U+00DC (decimal 220)
   defining Unicode char U+00DD (decimal 221)
   defining Unicode char U+00DE (decimal 222)
   defining Unicode char U+00DF (decimal 223)
   defining Unicode char U+00E0 (decimal 224)
   defining Unicode char U+00E1 (decimal 225)
   defining Unicode char U+00E2 (decimal 226)
   defining Unicode char U+00E3 (decimal 227)
   defining Unicode char U+00E4 (decimal 228)
   defining Unicode char U+00E5 (decimal 229)
   defining Unicode char U+00E6 (decimal 230)
   defining Unicode char U+00E7 (decimal 231)
   defining Unicode char U+00E8 (decimal 232)
   defining Unicode char U+00E9 (decimal 233)
   defining Unicode char U+00EA (decimal 234)
   defining Unicode char U+00EB (decimal 235)
   defining Unicode char U+00EC (decimal 236)
   defining Unicode char U+00ED (decimal 237)
   defining Unicode char U+00EE (decimal 238)
   defining Unicode char U+00EF (decimal 239)
   defining Unicode char U+00F0 (decimal 240)
   defining Unicode char U+00F1 (decimal 241)
   defining Unicode char U+00F2 (decimal 242)
   defining Unicode char U+00F3 (decimal 243)
   defining Unicode char U+00F4 (decimal 244)
   defining Unicode char U+00F5 (decimal 245)
   defining Unicode char U+00F6 (decimal 246)
   defining Unicode char U+00F8 (decimal 248)
   defining Unicode char U+00F9 (decimal 249)
   defining Unicode char U+00FA (decimal 250)
   defining Unicode char U+00FB (decimal 251)
   defining Unicode char U+00FC (decimal 252)
   defining Unicode char U+00FD (decimal 253)
   defining Unicode char U+00FE (decimal 254)
   defining Unicode char U+00FF (decimal 255)
   defining Unicode char U+0102 (decimal 258)
   defining Unicode char U+0103 (decimal 259)
   defining Unicode char U+0104 (decimal 260)
   defining Unicode char U+0105 (decimal 261)
   defining Unicode char U+0106 (decimal 262)
   defining Unicode char U+0107 (decimal 263)
   defining Unicode char U+010C (decimal 268)
   defining Unicode char U+010D (decimal 269)
   defining Unicode char U+010E (decimal 270)
   defining Unicode char U+010F (decimal 271)
   defining Unicode char U+0110 (decimal 272)
   defining Unicode char U+0111 (decimal 273)
   defining Unicode char U+0118 (decimal 280)
   defining Unicode char U+0119 (decimal 281)
   defining Unicode char U+011A (decimal 282)
   defining Unicode char U+011B (decimal 283)
   defining Unicode char U+011E (decimal 286)
   defining Unicode char U+011F (decimal 287)
   defining Unicode char U+0130 (decimal 304)
   defining Unicode char U+0131 (decimal 305)
   defining Unicode char U+0132 (decimal 306)
   defining Unicode char U+0133 (decimal 307)
   defining Unicode char U+0139 (decimal 313)
   defining Unicode char U+013A (decimal 314)
   defining Unicode char U+013D (decimal 317)
   defining Unicode char U+013E (decimal 318)
   defining Unicode char U+0141 (decimal 321)
   defining Unicode char U+0142 (decimal 322)
   defining Unicode char U+0143 (decimal 323)
   defining Unicode char U+0144 (decimal 324)
   defining Unicode char U+0147 (decimal 327)
   defining Unicode char U+0148 (decimal 328)
   defining Unicode char U+014A (decimal 330)
   defining Unicode char U+014B (decimal 331)
   defining Unicode char U+0150 (decimal 336)
   defining Unicode char U+0151 (decimal 337)
   defining Unicode char U+0152 (decimal 338)
   defining Unicode char U+0153 (decimal 339)
   defining Unicode char U+0154 (decimal 340)
   defining Unicode char U+0155 (decimal 341)
   defining Unicode char U+0158 (decimal 344)
   defining Unicode char U+0159 (decimal 345)
   defining Unicode char U+015A (decimal 346)
   defining Unicode char U+015B (decimal 347)
   defining Unicode char U+015E (decimal 350)
   defining Unicode char U+015F (decimal 351)
   defining Unicode char U+0160 (decimal 352)
   defining Unicode char U+0161 (decimal 353)
   defining Unicode char U+0162 (decimal 354)
   defining Unicode char U+0163 (decimal 355)
   defining Unicode char U+0164 (decimal 356)
   defining Unicode char U+0165 (decimal 357)
   defining Unicode char U+016E (decimal 366)
   defining Unicode char U+016F (decimal 367)
   defining Unicode char U+0170 (decimal 368)
   defining Unicode char U+0171 (decimal 369)
   defining Unicode char U+0178 (decimal 376)
   defining Unicode char U+0179 (decimal 377)
   defining Unicode char U+017A (decimal 378)
   defining Unicode char U+017B (decimal 379)
   defining Unicode char U+017C (decimal 380)
   defining Unicode char U+017D (decimal 381)
   defining Unicode char U+017E (decimal 382)
   defining Unicode char U+200C (decimal 8204)
   defining Unicode char U+2013 (decimal 8211)
   defining Unicode char U+2014 (decimal 8212)
   defining Unicode char U+2018 (decimal 8216)
   defining Unicode char U+2019 (decimal 8217)
   defining Unicode char U+201A (decimal 8218)
   defining Unicode char U+201C (decimal 8220)
   defining Unicode char U+201D (decimal 8221)
   defining Unicode char U+201E (decimal 8222)
   defining Unicode char U+2030 (decimal 8240)
   defining Unicode char U+2031 (decimal 8241)
   defining Unicode char U+2039 (decimal 8249)
   defining Unicode char U+203A (decimal 8250)
   defining Unicode char U+2423 (decimal 9251)
)
Now handling font encoding OT1 ...
... processing UTF-8 mapping file for font encoding OT1

(/usr/share/texlive/texmf-dist/tex/latex/base/ot1enc.dfu
File: ot1enc.dfu 2008/04/05 v1.1m UTF-8 support for inputenc
   defining Unicode char U+00A1 (decimal 161)
   defining Unicode char U+00A3 (decimal 163)
   defining Unicode char U+00B8 (decimal 184)
   defining Unicode char U+00BF (decimal 191)
   defining Unicode char U+00C5 (decimal 197)
   defining Unicode char U+00C6 (decimal 198)
   defining Unicode char U+00D8 (decimal 216)
   defining Unicode char U+00DF (decimal 223)
   defining Unicode char U+00E6 (decimal 230)
   defining Unicode char U+00EC (decimal 236)
   defining Unicode char U+00ED (decimal 237)
   defining Unicode char U+00EE (decimal 238)
   defining Unicode char U+00EF (decimal 239)
   defining Unicode char U+00F8 (decimal 248)
   defining Unicode char U+0131 (decimal 305)
   defining Unicode char U+0141 (decimal 321)
   defining Unicode char U+0142 (decimal 322)
   defining Unicode char U+0152 (decimal 338)
   defining Unicode char U+0153 (decimal 339)
   defining Unicode char U+2013 (decimal 8211)
   defining Unicode char U+2014 (decimal 8212)
   defining Unicode char U+2018 (decimal 8216)
   defining Unicode char U+2019 (decimal 8217)
   defining Unicode char U+201C (decimal 8220)
   defining Unicode char U+201D (decimal 8221)
)
Now handling font encoding OMS ...
... processing UTF-8 mapping file for font encoding OMS

(/usr/share/texlive/texmf-dist/tex/latex/base/omsenc.dfu
File: omsenc.dfu 2008/04/05 v1.1m UTF-8 support for inputenc
   defining Unicode char U+00A7 (decimal 167)
   defining Unicode char U+00B6 (decimal 182)
   defining Unicode char U+00B7 (decimal 183)
   defining Unicode char U+2020 (decimal 8224)
   defining Unicode char U+2021 (decimal 8225)
   defining Unicode char U+2022 (decimal 8226)
)
Now handling font encoding OMX ...
... no UTF-8 mapping file for font encoding OMX
Now handling font encoding U ...
... no UTF-8 mapping file for font encoding U
   defining Unicode char U+00A9 (decimal 169)
   defining Unicode char U+00AA (decimal 170)
   defining Unicode char U+00AE (decimal 174)
   defining Unicode char U+00BA (decimal 186)
   defining Unicode char U+02C6 (decimal 710)
   defining Unicode char U+02DC (decimal 732)
   defining Unicode char U+200C (decimal 8204)
   defining Unicode char U+2026 (decimal 8230)
   defining Unicode char U+2122 (decimal 8482)
   defining Unicode char U+2423 (decimal 9251)
))
(/usr/share/texmf/tex/latex/lm/lmodern.sty
Package: lmodern 2009/10/30 v1.6 Latin Modern Fonts
LaTeX Font Info:    Overwriting symbol font `operators' in version `normal'
(Font)                  OT1/cmr/m/n --> OT1/lmr/m/n on input line 22.
LaTeX Font Info:    Overwriting symbol font `letters' in version `normal'
(Font)                  OML/cmm/m/it --> OML/lmm/m/it on input line 23.
LaTeX Font Info:    Overwriting symbol font `symbols' in version `normal'
(Font)                  OMS/cmsy/m/n --> OMS/lmsy/m/n on input line 24.
LaTeX Font Info:    Overwriting symbol font `largesymbols' in version `normal'
(Font)                  OMX/cmex/m/n --> OMX/lmex/m/n on input line 25.
LaTeX Font Info:    Overwriting symbol font `operators' in version `bold'
(Font)                  OT1/cmr/bx/n --> OT1/lmr/bx/n on input line 26.
LaTeX Font Info:    Overwriting symbol font `letters' in version `bold'
(Font)                  OML/cmm/b/it --> OML/lmm/b/it on input line 27.
LaTeX Font Info:    Overwriting symbol font `symbols' in version `bold'
(Font)                  OMS/cmsy/b/n --> OMS/lmsy/b/n on input line 28.
LaTeX Font Info:    Overwriting symbol font `largesymbols' in version `bold'
(Font)                  OMX/cmex/m/n --> OMX/lmex/m/n on input line 29.
LaTeX Font Info:    Overwriting math alphabet `\mathbf' in version `normal'
(Font)                  OT1/cmr/bx/n --> OT1/lmr/bx/n on input line 31.
LaTeX Font Info:    Overwriting math alphabet `\mathsf' in version `normal'
(Font)                  OT1/cmss/m/n --> OT1/lmss/m/n on input line 32.
LaTeX Font Info:    Overwriting math alphabet `\mathit' in version `normal'
(Font)                  OT1/cmr/m/it --> OT1/lmr/m/it on input line 33.
LaTeX Font Info:    Overwriting math alphabet `\mathtt' in version `normal'
(Font)                  OT1/cmtt/m/n --> OT1/lmtt/m/n on input line 34.
LaTeX Font Info:    Overwriting math alphabet `\mathbf' in version `bold'
(Font)                  OT1/cmr/bx/n --> OT1/lmr/bx/n on input line 35.
LaTeX Font Info:    Overwriting math alphabet `\mathsf' in version `bold'
(Font)                  OT1/cmss/bx/n --> OT1/lmss/bx/n on input line 36.
LaTeX Font Info:    Overwriting math alphabet `\mathit' in version `bold'
(Font)                  OT1/cmr/bx/it --> OT1/lmr/bx/it on input line 37.
LaTeX Font Info:    Overwriting math alphabet `\mathtt' in version `bold'
(Font)                  OT1/cmtt/m/n --> OT1/lmtt/m/n on input line 38.
)
(/usr/share/texlive/texmf-dist/tex/latex/geometry/geometry.sty
Package: geometry 2010/09/12 v5.6 Page Geometry

(/usr/share/texlive/texmf-dist/tex/generic/oberdiek/ifpdf.sty
Package: ifpdf 2011/01/30 v2.3 Provides the ifpdf switch (HO)
Package ifpdf Info: pdfTeX in PDF mode is detected.
)
(/usr/share/texlive/texmf-dist/tex/generic/oberdiek/ifvtex.sty
Package: ifvtex 2010/03/01 v1.5 Detect VTeX and its facilities (HO)
Package ifvtex Info: VTeX not detected.
)
(/usr/share/texlive/texmf-dist/tex/generic/ifxetex/ifxetex.sty
Package: ifxetex 2010/09/12 v0.6 Provides ifxetex conditional
)
\Gm@cnth=\count89
\Gm@cntv=\count90
\c@Gm@tempcnt=\count91
\Gm@bindingoffset=\dimen103
\Gm@wd@mp=\dimen104
\Gm@odd@mp=\dimen105
\Gm@even@mp=\dimen106
\Gm@layoutwidth=\dimen107
\Gm@layoutheight=\dimen108
\Gm@layouthoffset=\dimen109
\Gm@layoutvoffset=\dimen110
\Gm@dimlist=\toks17
)
(/usr/share/texmf/tex/latex/xcolor/xcolor.sty
Package: xcolor 2007/01/21 v2.11 LaTeX color extensions (UK)

(/usr/share/texlive/texmf-dist/tex/latex/latexconfig/color.cfg
File: color.cfg 2007/01/18 v1.5 color configuration of teTeX/TeXLive
)
Package xcolor Info: Driver file: pdftex.def on input line 225.

(/usr/share/texlive/texmf-dist/tex/latex/pdftex-def/pdftex.def
File: pdftex.def 2011/05/27 v0.06d Graphics/color for pdfTeX

(/usr/share/texlive/texmf-dist/tex/generic/oberdiek/infwarerr.sty
Package: infwarerr 2010/04/08 v1.3 Providing info/warning/error messages (HO)
)
(/usr/share/texlive/texmf-dist/tex/generic/oberdiek/ltxcmds.sty
Package: ltxcmds 2011/11/09 v1.22 LaTeX kernel commands for general use (HO)
)
(/usr/share/texlive/texmf-dist/tex/generic/oberdiek/pdftexcmds.sty
Package: pdftexcmds 2011/11/29 v0.20 Utility functions of pdfTeX for LuaTeX (HO
)

(/usr/share/texlive/texmf-dist/tex/generic/oberdiek/ifluatex.sty
Package: ifluatex 2010/03/01 v1.3 Provides the ifluatex switch (HO)
Package ifluatex Info: LuaTeX detected.
)
Package pdftexcmds Info: \pdf@primitive is available.
Package pdftexcmds Info: \pdf@ifprimitive is available.
Package pdftexcmds Info: \pdfdraftmode found.

(/usr/share/texlive/texmf-dist/tex/generic/oberdiek/luatex-loader.sty
Package: luatex-loader 2010/03/09 v0.4 Lua module loader (HO)

(/usr/share/texlive/texmf-dist/scripts/oberdiek/oberdiek.luatex.lua))
\pdftexcmds@toks=\toks18
)
\Gread@gobject=\count92
)
(/usr/share/texlive/texmf-dist/tex/latex/colortbl/colortbl.sty
Package: colortbl 2012/02/13 v1.0a Color table columns (DPC)

(/usr/share/texlive/texmf-dist/tex/latex/tools/array.sty
Package: array 2008/09/09 v2.4c Tabular extension package (FMi)
\col@sep=\dimen111
\extrarowheight=\dimen112
\NC@list=\toks19
\extratabsurround=\skip47
\backup@length=\skip48
)
\everycr=\toks20
\minrowclearance=\skip49
)
\rownum=\count93
Package xcolor Info: Model `cmy' substituted by `cmy0' on input line 1337.
Package xcolor Info: Model `hsb' substituted by `rgb' on input line 1341.
Package xcolor Info: Model `RGB' extended on input line 1353.
Package xcolor Info: Model `HTML' substituted by `rgb' on input line 1355.
Package xcolor Info: Model `Hsb' substituted by `hsb' on input line 1356.
Package xcolor Info: Model `tHsb' substituted by `hsb' on input line 1357.
Package xcolor Info: Model `HSB' substituted by `hsb' on input line 1358.
Package xcolor Info: Model `Gray' substituted by `gray' on input line 1359.
Package xcolor Info: Model `wave' substituted by `hsb' on input line 1360.
)
(/usr/share/texlive/texmf-dist/tex/latex/oberdiek/pdflscape.sty
Package: pdflscape 2008/08/11 v0.10 Display of landscape pages in PDF (HO)

(/usr/share/texlive/texmf-dist/tex/latex/graphics/lscape.sty
Package: lscape 2000/10/22 v3.01 Landscape Pages (DPC)

(/usr/share/texlive/texmf-dist/tex/latex/graphics/graphics.sty
Package: graphics 2009/02/05 v1.0o Standard LaTeX Graphics (DPC,SPQR)

(/usr/share/texlive/texmf-dist/tex/latex/graphics/trig.sty
Package: trig 1999/03/16 v1.09 sin cos tan (DPC)
)
(/usr/share/texlive/texmf-dist/tex/latex/latexconfig/graphics.cfg
File: graphics.cfg 2010/04/23 v1.9 graphics configuration of TeX Live
)
Package graphics Info: Driver file: pdftex.def on input line 91.
))
Package pdflscape Info: Auto-detected driver: pdftex on input line 80.
)
(/usr/share/texlive/texmf-dist/tex/latex/tools/multicol.sty
Package: multicol 2011/06/27 v1.7a multicolumn formatting (FMi)
\c@tracingmulticols=\count94
\mult@box=\box27
\multicol@leftmargin=\dimen113
\c@unbalance=\count95
\c@collectmore=\count96
\doublecol@number=\count97
\multicoltolerance=\count98
\multicolpretolerance=\count99
\full@width=\dimen114
\page@free=\dimen115
\premulticols=\dimen116
\postmulticols=\dimen117
\multicolsep=\skip50
\multicolbaselineskip=\skip51
\partial@page=\box28
\last@line=\box29
\mult@rightbox=\box30
\mult@grightbox=\box31
\mult@gfirstbox=\box32
\mult@firstbox=\box33
\@tempa=\box34
\@tempa=\box35
\@tempa=\box36
\@tempa=\box37
\@tempa=\box38
\@tempa=\box39
\@tempa=\box40
\@tempa=\box41
\@tempa=\box42
\@tempa=\box43
\@tempa=\box44
\@tempa=\box45
\@tempa=\box46
\@tempa=\box47
\@tempa=\box48
\@tempa=\box49
\@tempa=\box50
\c@columnbadness=\count100
\c@finalcolumnbadness=\count101
\last@try=\dimen118
\multicolovershoot=\dimen119
\multicolundershoot=\dimen120
\mult@nat@firstbox=\box51
\colbreak@box=\box52
\multicol@sort@counter=\count102
) (./out/temp.aux)
LaTeX Font Info:    Checking defaults for OML/cmm/m/it on input line 11.
LaTeX Font Info:    ... okay on input line 11.
LaTeX Font Info:    Checking defaults for T1/cmr/m/n on input line 11.
LaTeX Font Info:    ... okay on input line 11.
LaTeX Font Info:    Checking defaults for OT1/cmr/m/n on input line 11.
LaTeX Font Info:    ... okay on input line 11.
LaTeX Font Info:    Checking defaults for OMS/cmsy/m/n on input line 11.
LaTeX Font Info:    ... okay on input line 11.
LaTeX Font Info:    Checking defaults for OMX/cmex/m/n on input line 11.
LaTeX Font Info:    ... okay on input line 11.
LaTeX Font Info:    Checking defaults for U/cmr/m/n on input line 11.
LaTeX Font Info:    ... okay on input line 11.
LaTeX Font Info:    Try loading font information for T1+lmr on input line 11.

(/usr/share/texmf/tex/latex/lm/t1lmr.fd
File: t1lmr.fd 2009/10/30 v1.6 Font defs for Latin Modern
)
*geometry* driver: auto-detecting
*geometry* detected driver: pdftex
*geometry* verbose mode - [ preamble ] result:
* driver: pdftex
* paper: <default>
* layout: <same size as paper>
* layoutoffset:(h,v)=(0.0pt,0.0pt)
* modes: 
* h-part:(L,W,R)=(28.45274pt, 540.60245pt, 28.45274pt)
* v-part:(T,H,B)=(28.45274pt, 788.14145pt, 28.45274pt)
* \paperwidth=597.50793pt
* \paperheight=845.04694pt
* \textwidth=540.60245pt
* \textheight=788.14145pt
* \oddsidemargin=-43.81725pt
* \evensidemargin=-43.81725pt
* \topmargin=-81.21725pt
* \headheight=17.0pt
* \headsep=20.40001pt
* \topskip=11.0pt
* \footskip=47.60002pt
* \marginparwidth=59.7508pt
* \marginparsep=12.8401pt
* \columnsep=10.0pt
* \skip\footins=10.0pt plus 4.0pt minus 2.0pt
* \hoffset=0.0pt
* \voffset=0.0pt
* \mag=1000
* \@twocolumnfalse
* \@twosidefalse
* \@mparswitchfalse
* \@reversemarginfalse
* (1in=72.27pt=25.4mm, 1cm=28.453pt)

(/usr/share/texlive/texmf-dist/tex/context/base/supp-pdf.mkii
[Loading MPS to PDF converter (version 2006.09.02).]
\scratchcounter=\count103
\scratchdimen=\dimen121
\scratchbox=\box53
\nofMPsegments=\count104
\nofMParguments=\count105
\everyMPshowfont=\toks21
\MPscratchCnt=\count106
\MPscratchDim=\dimen122
\MPnumerator=\count107
\makeMPintoPDFobject=\count108
\everyMPtoPDFconversion=\toks22
) (/usr/share/texlive/texmf-dist/tex/latex/oberdiek/epstopdf-base.sty
Package: epstopdf-base 2010/02/09 v2.5 Base part for package epstopdf

(/usr/share/texlive/texmf-dist/tex/latex/oberdiek/grfext.sty
Package: grfext 2010/08/19 v1.1 Manage graphics extensions (HO)

(/usr/share/texlive/texmf-dist/tex/generic/oberdiek/kvdefinekeys.sty
Package: kvdefinekeys 2011/04/07 v1.3 Define keys (HO)
))
(/usr/share/texlive/texmf-dist/tex/latex/oberdiek/kvoptions.sty
Package: kvoptions 2011/06/30 v3.11 Key value format for package options (HO)

(/usr/share/texlive/texmf-dist/tex/generic/oberdiek/kvsetkeys.sty
Package: kvsetkeys 2012/04/25 v1.16 Key value parser (HO)

(/usr/share/texlive/texmf-dist/tex/generic/oberdiek/etexcmds.sty
Package: etexcmds 2011/02/16 v1.5 Avoid name clashes with e-TeX commands (HO)
)))
Package grfext Info: Graphics extension search list:
(grfext)             [.png,.pdf,.jpg,.mps,.jpeg,.jbig2,.jb2,.PNG,.PDF,.JPG,.JPE
G,.JBIG2,.JB2,.eps]
(grfext)             \AppendGraphicsExtensions on input line 452.

(/usr/share/texlive/texmf-dist/tex/latex/latexconfig/epstopdf-sys.cfg
File: epstopdf-sys.cfg 2010/07/13 v1.3 Configuration of (r)epstopdf for TeX Liv
e
))
LaTeX Font Info:    Try loading font information for T1+lmss on input line 13.

(/usr/share/texmf/tex/latex/lm/t1lmss.fd
File: t1lmss.fd 2009/10/30 v1.6 Font defs for Latin Modern
)
LaTeX Font Info:    Try loading font information for OT1+lmr on input line 14.

(/usr/share/texmf/tex/latex/lm/ot1lmr.fd
File: ot1lmr.fd 2009/10/30 v1.6 Font defs for Latin Modern
)
LaTeX Font Info:    Try loading font information for OML+lmm on input line 14.

(/usr/share/texmf/tex/latex/lm/omllmm.fd
File: omllmm.fd 2009/10/30 v1.6 Font defs for Latin Modern
)
LaTeX Font Info:    Try loading font information for OMS+lmsy on input line 14.


(/usr/share/texmf/tex/latex/lm/omslmsy.fd
File: omslmsy.fd 2009/10/30 v1.6 Font defs for Latin Modern
)
LaTeX Font Info:    Try loading font information for OMX+lmex on input line 14.


(/usr/share/texmf/tex/latex/lm/omxlmex.fd
File: omxlmex.fd 2009/10/30 v1.6 Font defs for Latin Modern
)
LaTeX Font Info:    External font `lmex10' loaded for size
(Font)              <6> on input line 14.
LaTeX Font Info:    External font `lmex10' loaded for size
(Font)              <5> on input line 14.

Underfull \hbox (badness 10000) in paragraph at lines 15--15
[][]|\T1/lmr/m/n/6 Hamer-s-ley South
 []


Underfull \hbox (badness 10000) in paragraph at lines 15--15
[][]|\T1/lmr/m/n/6 South Ball-room
 []


Underfull \hbox (badness 10000) in paragraph at lines 15--15
\T1/lmr/m/n/6 (Traders and Art
 []


Underfull \hbox (badness 10000) in paragraph at lines 15--15
[][]|\T1/lmr/m/n/6 North Ball-room
 []


Underfull \hbox (badness 10000) in paragraph at lines 15--15
[][]|\T1/lmr/m/n/6 Al-ter-nate Venue
 []


Underfull \hbox (badness 10000) in paragraph at lines 15--15
[][]|\T1/lmr/m/n/6 North Hamer-s-ley
 []


Underfull \hbox (badness 10000) in paragraph at lines 15--15
[][]|\T1/lmr/m/n/6 Gam-ing Room
 []


Underfull \hbox (badness 10000) in paragraph at lines 31--31
[][]|\T1/lmr/m/n/6 Meet the Swan-con
 []


Underfull \hbox (badness 10000) in paragraph at lines 33--33
[][]|\T1/lmr/m/n/6 Gen-der-bend-ing in
 []


Underfull \hbox (badness 1184) in paragraph at lines 33--33
\T1/lmr/m/n/6 Fan-works: Does my
 []


Underfull \hbox (badness 10000) in paragraph at lines 33--33
\T1/lmr/m/n/6 gen-der-flip in-val-i-date
 []


Underfull \hbox (badness 1281) in paragraph at lines 35--35
[][]|\T1/lmr/m/n/6 Land of the Set-ting
 []


Underfull \hbox (badness 4846) in paragraph at lines 35--35
\T1/lmr/m/n/6 Sun: The End of
 []


Underfull \hbox (badness 2521) in paragraph at lines 37--37
[][]|\T1/lmr/m/n/6 The Re-verse of the
 []


Underfull \hbox (badness 10000) in paragraph at lines 41--41
[][]|\T1/lmr/m/n/6 Hamer-s-ley South
 []


Underfull \hbox (badness 10000) in paragraph at lines 41--41
[][]|\T1/lmr/m/n/6 South Ball-room
 []


Underfull \hbox (badness 10000) in paragraph at lines 41--41
\T1/lmr/m/n/6 (Traders and Art
 []


Underfull \hbox (badness 10000) in paragraph at lines 41--41
[][]|\T1/lmr/m/n/6 North Ball-room
 []


Underfull \hbox (badness 10000) in paragraph at lines 41--41
[][]|\T1/lmr/m/n/6 Al-ter-nate Venue
 []


Underfull \hbox (badness 10000) in paragraph at lines 41--41
[][]|\T1/lmr/m/n/6 North Hamer-s-ley
 []


Underfull \hbox (badness 10000) in paragraph at lines 41--41
[][]|\T1/lmr/m/n/6 Gam-ing Room
 []


Underfull \hbox (badness 10000) in paragraph at lines 45--45
[][]|\T1/lmr/m/n/6 Draw-ing Com-pos-
 []


Underfull \hbox (badness 10000) in paragraph at lines 45--45
\T1/lmr/m/n/6 ite mon-sters: A
 []


Underfull \hbox (badness 10000) in paragraph at lines 46--46
[][]|\T1/lmr/m/n/6 Re-framed and
 []


Underfull \hbox (badness 10000) in paragraph at lines 46--46
\T1/lmr/m/n/6 Repack-aged: SF
 []


Underfull \hbox (badness 2229) in paragraph at lines 46--46
[][]|\T1/lmr/m/n/6 Gods and Mon-sters:
 []


Underfull \hbox (badness 7151) in paragraph at lines 46--46
\T1/lmr/m/n/6 Doc-tor Who's 13th
 []


Underfull \hbox (badness 5878) in paragraph at lines 48--48
[][]|\T1/lmr/m/n/6 Hor-ri-ble His-to-ries -
 []


Underfull \hbox (badness 10000) in paragraph at lines 50--50
[][]|\T1/lmr/m/n/6 Christo-pher vs
 []


Underfull \hbox (badness 10000) in paragraph at lines 50--50
\T1/lmr/m/n/6 Collins: Dystopias
 []


Underfull \hbox (badness 1152) in paragraph at lines 50--50
[][]|\T1/lmr/m/n/6 Food as World-build-
 []


Underfull \hbox (badness 6493) in paragraph at lines 54--54
[][]|\T1/lmr/m/n/6 Teenage Jug-ger-naut:
 []


Underfull \hbox (badness 1831) in paragraph at lines 56--56
[][]|\T1/lmr/m/n/6 Anime (and Manga)
 []


Underfull \hbox (badness 1881) in paragraph at lines 56--56
\T1/lmr/m/n/6 for AB-SO-LUTE Be-
 []


Underfull \hbox (badness 7116) in paragraph at lines 56--56
[][]|\T1/lmr/m/n/6 The Writer's In-ter-
 []


Underfull \hbox (badness 10000) in paragraph at lines 57--57
[][]|\T1/lmr/m/n/6 Make-Your-Own
 []


Underfull \hbox (badness 10000) in paragraph at lines 57--58
[][]|\T1/lmr/m/n/6 Su-per Smash Bros
 []


Underfull \hbox (badness 7116) in paragraph at lines 58--58
[][]|\T1/lmr/m/n/6 The Writer's In-ter-
 []


Underfull \hbox (badness 1077) in paragraph at lines 58--58
[][]|\T1/lmr/m/n/6 En-ligten-ment vs Re-
 []


Underfull \hbox (badness 1796) in paragraph at lines 58--58
\T1/lmr/m/n/6 sis-tance: Ingress, a
 []


Underfull \hbox (badness 10000) in paragraph at lines 58--58
\T1/lmr/m/n/6 glo-be-trot-ting real
 []


Underfull \hbox (badness 5908) in paragraph at lines 58--58
\T1/lmr/m/n/6 any-way? Work-ing
 []


Underfull \hbox (badness 2617) in paragraph at lines 58--58
[][]|\T1/lmr/m/n/6 How to be a good
 []


Underfull \hbox (badness 10000) in paragraph at lines 60--60
[][]|\T1/lmr/m/n/6 Be-fore the Flood:
 []


Underfull \hbox (badness 7047) in paragraph at lines 60--60
\T1/lmr/m/n/6 Anime in Aus-tralia
 []


Underfull \hbox (badness 10000) in paragraph at lines 60--60
[][]|\T1/lmr/m/n/6 The End of the
 []


Underfull \hbox (badness 4416) in paragraph at lines 60--60
\T1/lmr/m/n/6 Printed Page: Are
 []


Underfull \hbox (badness 2197) in paragraph at lines 60--60
\T1/lmr/m/n/6 Books (as we know
 []


Underfull \hbox (badness 10000) in paragraph at lines 65--65
[][]|\T1/lmr/m/n/6 Swan-con His-tory
 []


Underfull \hbox (badness 5119) in paragraph at lines 65--65
\T1/lmr/m/n/6 The Orig-i-nal Were-
 []


Underfull \hbox (badness 10000) in paragraph at lines 67--67
[][]|\T1/lmr/m/n/6 Ch.ch.ch.changes:
 []


Underfull \hbox (badness 10000) in paragraph at lines 67--67
\T1/lmr/m/n/6 ma-tive force upon
 []


Underfull \hbox (badness 10000) in paragraph at lines 69--69
[][]|\T1/lmr/m/n/6 Scared S#!%less:
 []


Underfull \hbox (badness 4805) in paragraph at lines 69--69
\T1/lmr/m/n/6 How Hor-ror Movies
 []


Underfull \hbox (badness 3792) in paragraph at lines 69--69
\T1/lmr/m/n/6 The Dark Nut Re-
 []


Underfull \hbox (badness 3514) in paragraph at lines 70--70
[][]|\T1/lmr/m/n/6 GWEN Live stream
 []


Underfull \hbox (badness 2894) in paragraph at lines 71--71
[][]|\T1/lmr/m/n/6 Lost in Trans-la-tion:
 []


Underfull \hbox (badness 10000) in paragraph at lines 71--71
\T1/lmr/m/n/6 Re-mak-ing In-ter-na-
 []


Underfull \hbox (badness 1048) in paragraph at lines 71--71
[][]|\T1/lmr/m/n/6 Evil Over-lord Train-
 []

[1


{/var/lib/texmf/fonts/map/pdftex/updmap/pdftex.map}]
Underfull \hbox (badness 10000) in paragraph at lines 76--76
[][]|\T1/lmr/m/n/6 Hamer-s-ley South
 []


Underfull \hbox (badness 10000) in paragraph at lines 76--76
[][]|\T1/lmr/m/n/6 South Ball-room
 []


Underfull \hbox (badness 10000) in paragraph at lines 76--76
\T1/lmr/m/n/6 (Traders and Art
 []


Underfull \hbox (badness 10000) in paragraph at lines 76--76
[][]|\T1/lmr/m/n/6 North Ball-room
 []


Underfull \hbox (badness 10000) in paragraph at lines 76--76
[][]|\T1/lmr/m/n/6 Al-ter-nate Venue
 []


Underfull \hbox (badness 10000) in paragraph at lines 76--76
[][]|\T1/lmr/m/n/6 North Hamer-s-ley
 []


Underfull \hbox (badness 10000) in paragraph at lines 76--76
[][]|\T1/lmr/m/n/6 Gam-ing Room
 []


Underfull \hbox (badness 10000) in paragraph at lines 80--80
[][]|\T1/lmr/m/n/6 Sat-ur-day Morn-ing
 []


Underfull \hbox (badness 10000) in paragraph at lines 81--81
[][]|\T1/lmr/m/n/6 Launch - Deb-o-rah
 []


Underfull \hbox (badness 10000) in paragraph at lines 81--81
[][]|\T1/lmr/m/n/6 (Over-used) Fan-
 []


Underfull \hbox (badness 4013) in paragraph at lines 81--81
\T1/lmr/m/n/6 ern Board games -
 []


Underfull \hbox (badness 3826) in paragraph at lines 82--82
\T1/lmr/m/n/6 sely - "In-sert Ti-tle
 []


Underfull \hbox (badness 10000) in paragraph at lines 83--83
[][]|\T1/lmr/m/n/6 My Lit-tle Pony -
 []


Underfull \hbox (badness 10000) in paragraph at lines 83--83
\T1/lmr/m/n/6 Colour-ing In And
 []


Underfull \hbox (badness 1721) in paragraph at lines 84--84
[][]|\T1/lmr/m/n/6 The Hol-low Reaches
 []


Underfull \hbox (badness 10000) in paragraph at lines 85--85
\T1/lmr/m/n/6 Spec-u-la-tive Fic-tion
 []


Underfull \hbox (badness 10000) in paragraph at lines 85--85
\T1/lmr/m/n/6 and Pro-fes-sional
 []


Underfull \hbox (badness 10000) in paragraph at lines 89--89
[][]|\T1/lmr/m/n/6 Launch - Leonie
 []


Underfull \hbox (badness 10000) in paragraph at lines 89--89
\T1/lmr/m/n/6 Rogers - "Fron-tier
 []


Underfull \hbox (badness 10000) in paragraph at lines 91--91
[][]|\T1/lmr/m/n/6 What's hap-pen-ing
 []


Underfull \hbox (badness 6995) in paragraph at lines 91--91
\T1/lmr/m/n/6 Murchi-son Wide-field
 []


Underfull \hbox (badness 10000) in paragraph at lines 91--91
[][]|\T1/lmr/m/n/6 The Sword Drawn!
 []


Underfull \hbox (badness 10000) in paragraph at lines 91--91
\T1/lmr/m/n/6 Kitty and John
 []


Underfull \hbox (badness 1997) in paragraph at lines 93--93
[][]|\T1/lmr/m/n/6 Look-ing Be-yond the
 []


Underfull \hbox (badness 2253) in paragraph at lines 93--93
\T1/lmr/m/n/6 Left Hand: Gen-der
 []


Underfull \hbox (badness 1817) in paragraph at lines 93--93
\T1/lmr/m/n/6 ney An-i-ma-tion from
 []


Underfull \hbox (badness 10000) in paragraph at lines 93--93
\T1/lmr/m/n/6 Amer-i-can Su-per-
 []


Underfull \hbox (badness 6125) in paragraph at lines 93--93
\T1/lmr/m/n/6 heroes in the 21st
 []


Underfull \hbox (badness 10000) in paragraph at lines 95--95
[][]|\T1/lmr/m/n/6 Crits and Grits
 []


Underfull \hbox (badness 10000) in paragraph at lines 95--95
\T1/lmr/m/n/6 - When Are Crit
 []


Underfull \hbox (badness 1163) in paragraph at lines 95--95
[][]|\T1/lmr/m/n/6 Learn Sur-vive! Es-
 []


Underfull \hbox (badness 10000) in paragraph at lines 106--106
[][]|\T1/lmr/m/n/6 Sing-Along with
 []

[2]
Underfull \hbox (badness 10000) in paragraph at lines 111--111
[][]|\T1/lmr/m/n/6 Hamer-s-ley South
 []


Underfull \hbox (badness 10000) in paragraph at lines 111--111
[][]|\T1/lmr/m/n/6 South Ball-room
 []


Underfull \hbox (badness 10000) in paragraph at lines 111--111
\T1/lmr/m/n/6 (Traders and Art
 []


Underfull \hbox (badness 10000) in paragraph at lines 111--111
[][]|\T1/lmr/m/n/6 North Ball-room
 []


Underfull \hbox (badness 10000) in paragraph at lines 111--111
[][]|\T1/lmr/m/n/6 Al-ter-nate Venue
 []


Underfull \hbox (badness 10000) in paragraph at lines 111--111
[][]|\T1/lmr/m/n/6 North Hamer-s-ley
 []


Underfull \hbox (badness 10000) in paragraph at lines 111--111
[][]|\T1/lmr/m/n/6 Gam-ing Room
 []


Underfull \hbox (badness 10000) in paragraph at lines 114--114
[][]|\T1/lmr/m/n/6 Swap Meet (And
 []


Underfull \hbox (badness 3547) in paragraph at lines 116--116
[][]|\T1/lmr/m/n/6 Blood, Bodices and
 []


Underfull \hbox (badness 10000) in paragraph at lines 116--116
\T1/lmr/m/n/6 ing ar the Hor-ror
 []


Underfull \hbox (badness 1721) in paragraph at lines 116--116
[][]|\T1/lmr/m/n/6 The Hol-low Reaches
 []


Underfull \hbox (badness 10000) in paragraph at lines 118--118
[][]|\T1/lmr/m/n/6 Nat-con Busi-ness
 []


Underfull \hbox (badness 5359) in paragraph at lines 118--118
[][]|\T1/lmr/m/n/6 Ladies Comic Book
 []


Underfull \hbox (badness 2495) in paragraph at lines 118--118
[][]|\T1/lmr/m/n/6 Kaf-feeklatch - Kylie
 []


Underfull \hbox (badness 3168) in paragraph at lines 119--119
[][]|\T1/lmr/m/n/6 Egg-Bot and Easter
 []


Underfull \hbox (badness 2111) in paragraph at lines 124--124
[][]|\T1/lmr/m/n/6 Then and Now: A
 []


Underfull \hbox (badness 10000) in paragraph at lines 124--124
\T1/lmr/m/n/6 com-par-i-son be-tween
 []


Underfull \hbox (badness 10000) in paragraph at lines 124--124
[][]|\T1/lmr/m/n/6 Lov-ing The Borg:
 []


Underfull \hbox (badness 10000) in paragraph at lines 124--124
\T1/lmr/m/n/6 Tran-shu-man-ism in
 []


Underfull \hbox (badness 2181) in paragraph at lines 124--124
[][]|\T1/lmr/m/n/6 Kaf-feeKlatch - John
 []


Underfull \hbox (badness 10000) in paragraph at lines 124--124
[][]|\T1/lmr/m/n/6 Retro Games with
 []


Underfull \hbox (badness 10000) in paragraph at lines 125--125
[][]|\T1/lmr/m/n/6 Build Your Own
 []


Underfull \hbox (badness 10000) in paragraph at lines 126--126
[][]|\T1/lmr/m/n/6 In-tro-duc-tion to
 []


Underfull \hbox (badness 2582) in paragraph at lines 126--126
\T1/lmr/m/n/6 (sci-ence be-hind lan-
 []


Underfull \hbox (badness 10000) in paragraph at lines 126--126
[][]|\T1/lmr/m/n/6 Kaf-feeklatsch -
 []


Underfull \hbox (badness 5475) in paragraph at lines 128--128
[][]|\T1/lmr/m/n/6 2014 Movie Screen-
 []


Underfull \hbox (badness 6592) in paragraph at lines 128--128
[][]|\T1/lmr/m/n/6 Chang-ing Com-mu-ni-
 []


Underfull \hbox (badness 10000) in paragraph at lines 128--128
[][]|\T1/lmr/m/n/6 Make Your Own
 []


Underfull \hbox (badness 10000) in paragraph at lines 129--129
[][]|\T1/lmr/m/n/6 Fundrais-ing Auc-tion
 []


Underfull \hbox (badness 6094) in paragraph at lines 130--130
[][]|\T1/lmr/m/n/6 Big Dumb Ob-jects:
 []


Underfull \hbox (badness 1609) in paragraph at lines 130--130
\T1/lmr/m/n/6 The Gi-ant Arte-facts
 []


Underfull \hbox (badness 10000) in paragraph at lines 130--130
[][]|\T1/lmr/m/n/6 Short and Sweet:
 []


Underfull \hbox (badness 1163) in paragraph at lines 132--132
[][]|\T1/lmr/m/n/6 Learn Sur-vive! Es-
 []


Underfull \hbox (badness 10000) in paragraph at lines 135--135
[][]|\T1/lmr/m/n/6 Awards Setup and
 []


Underfull \hbox (badness 10000) in paragraph at lines 137--137
[][]|\T1/lmr/m/n/6 Ozzie Ozzie Ozzie
 []


Underfull \hbox (badness 10000) in paragraph at lines 137--137
\T1/lmr/m/n/6 BRAINS BRAINS
 []


Underfull \hbox (badness 8113) in paragraph at lines 137--137
\T1/lmr/m/n/6 BRAINS!: An in-
 []


Underfull \hbox (badness 10000) in paragraph at lines 137--137
\T1/lmr/m/n/6 ti-mate Aus-tralian
 []


Underfull \hbox (badness 10000) in paragraph at lines 141--141
[][]|\T1/lmr/m/n/6 YouTube-a-Rama:
 []


Underfull \hbox (badness 5924) in paragraph at lines 141--141
\T1/lmr/m/n/6 stuff we love from
 []

[3]
Underfull \hbox (badness 10000) in paragraph at lines 145--145
[][]|\T1/lmr/m/n/6 Hamer-s-ley South
 []


Underfull \hbox (badness 10000) in paragraph at lines 145--145
[][]|\T1/lmr/m/n/6 South Ball-room
 []


Underfull \hbox (badness 10000) in paragraph at lines 145--145
\T1/lmr/m/n/6 (Traders and Art
 []


Underfull \hbox (badness 10000) in paragraph at lines 145--145
[][]|\T1/lmr/m/n/6 North Ball-room
 []


Underfull \hbox (badness 10000) in paragraph at lines 145--145
[][]|\T1/lmr/m/n/6 Al-ter-nate Venue
 []


Underfull \hbox (badness 10000) in paragraph at lines 145--145
[][]|\T1/lmr/m/n/6 North Hamer-s-ley
 []


Underfull \hbox (badness 10000) in paragraph at lines 145--145
[][]|\T1/lmr/m/n/6 Gam-ing Room
 []


Underfull \hbox (badness 10000) in paragraph at lines 150--150
[][]|\T1/lmr/m/n/6 Live Ac-tion Robo
 []


Underfull \hbox (badness 10000) in paragraph at lines 150--150
[][]|\T1/lmr/m/n/6 For-got-ten TV An-i-
 []


Underfull \hbox (badness 1062) in paragraph at lines 150--150
\T1/lmr/m/n/6 ma-tion: the Hid-den
 []


Underfull \hbox (badness 10000) in paragraph at lines 152--152
[][]|\T1/lmr/m/n/6 WASFF Busi-ness
 []


Underfull \hbox (badness 3769) in paragraph at lines 152--152
[][]|\T1/lmr/m/n/6 An-thony and Grant
 []


Underfull \hbox (badness 2608) in paragraph at lines 154--154
\T1/lmr/m/n/6 can-not) be done in
 []


Underfull \hbox (badness 10000) in paragraph at lines 154--154
\T1/lmr/m/n/6 Pill!: Non-violent
 []


Underfull \hbox (badness 1275) in paragraph at lines 154--154
\T1/lmr/m/n/6 RPGs and com-puter
 []


Underfull \hbox (badness 1389) in paragraph at lines 158--158
[][]|\T1/lmr/m/n/6 Trailer Park - Chil-
 []


Underfull \hbox (badness 10000) in paragraph at lines 158--158
[][]|\T1/lmr/m/n/6 Please Ham-mer,
 []


Underfull \hbox (badness 1436) in paragraph at lines 158--158
[][]|\T1/lmr/m/n/6 Home-work Panel for
 []


Underfull \hbox (badness 10000) in paragraph at lines 160--160
[][]|\T1/lmr/m/n/6 Swan-con Feed-back
 []


Underfull \hbox (badness 10000) in paragraph at lines 160--160
[][]|\T1/lmr/m/n/6 SMOF, Dane and
 []


Underfull \hbox (badness 1635) in paragraph at lines 160--160
\T1/lmr/m/n/6 Filk: Ex-plor-ing the
 []


Underfull \hbox (badness 10000) in paragraph at lines 160--160
[][]|\T1/lmr/m/n/6 "Not Dead Yet" -
 []


Underfull \hbox (badness 5446) in paragraph at lines 160--160
\T1/lmr/m/n/6 40 years of Monty
 []


Underfull \hbox (badness 10000) in paragraph at lines 161--161
[][]|\T1/lmr/m/n/6 Minecraft - Mini
 []

[4] [5] [6

] [7]
Underfull \hbox (badness 10000) in paragraph at lines 372--373

 []


Underfull \hbox (badness 10000) in paragraph at lines 372--373

 []


Underfull \hbox (badness 10000) in paragraph at lines 372--373

 []


Underfull \hbox (badness 10000) in paragraph at lines 380--381

 []


Underfull \hbox (badness 10000) in paragraph at lines 388--389

 []


Underfull \hbox (badness 10000) in paragraph at lines 388--389

 []


Underfull \hbox (badness 5064) in paragraph at lines 395--396
[][]\T1/lmr/m/n/10.95 Aaron Creaser, Damian Magee, Heather
 []

[8]
Underfull \hbox (badness 10000) in paragraph at lines 464--465

 []

[9] [10] [11] [12]
Underfull \hbox (badness 10000) in paragraph at lines 841--842

 []

[13]
Underfull \hbox (badness 10000) in paragraph at lines 902--903

 []


Underfull \hbox (badness 10000) in paragraph at lines 954--955

 []

[14] [15]
Underfull \hbox (badness 10000) in paragraph at lines 1143--1144

 []

[16]
Underfull \hbox (badness 10000) in paragraph at lines 1187--1188

 []


Underfull \hbox (badness 10000) in paragraph at lines 1187--1188

 []

[17]
Underfull \hbox (badness 10000) in paragraph at lines 1221--1222

 []


Underfull \hbox (badness 5711) in paragraph at lines 1272--1273
[][]\T1/lmr/m/n/10.95 Michael Co-gan, Aaron Creaser, Damian
 []

[18] [19] [20] [21] [22]
Underfull \hbox (badness 10000) in paragraph at lines 1650--1651

 []


! Package inputenc Error: Keyboard character used is undefined
(inputenc)                in inputencoding `utf8'.

See the inputenc package documentation for explanation.
Type  H <return>  for immediate help.
 ...                                              
                                                  
l.1719 ...s who act together to save the planet. 
                                                  \\\\http://guardianprinces...

You need to provide a definition with \DeclareInputText 
or \DeclareInputMath before using this key.


Underfull \hbox (badness 10000) in paragraph at lines 1719--1720

 []

[23]
Underfull \hbox (badness 10000) in paragraph at lines 1745--1746

 []

[24] [25] [26] [27] [28] [29] (./out/temp.aux) )

Here is how much of LuaTeX's memory you used:
 4789 strings out of 494125
 156261,552014 words of node,token memory allocated
 473 words of node memory still in use:
   3 hlist, 1 vlist, 1 rule, 2 glue, 45 glue_spec, 1 write nodes
   avail lists: 2:21,3:1201,4:7887,5:1355,6:6954,7:2780,9:2532,10:357
 8138 multiletter control sequences out of 65536+200000
 32 fonts using 1270199 bytes
 46i,9n,39p,1131b,335s stack positions out of 5000i,500n,10000p,200000b,50000s
{/usr/share/texmf/fonts/enc/dvips/lm/lm-ec.enc}</usr/share/texmf/fonts/type1/pu
blic/lm/lmr10.pfb></usr/share/texmf/fonts/type1/public/lm/lmr6.pfb></usr/share/
texmf/fonts/type1/public/lm/lmssbx10.pfb>
Output written on temp.pdf (29 pages, 228566 bytes).

PDF statistics: 110 PDF objects out of 1000 (max. 8388607)
 75 compressed objects within 1 object stream
 0 named destinations out of 1000 (max. 131072)
 1 words of extra memory for PDF output out of 10000 (max. 10000000)

